2025-01-14 01:05:36 LogWrapper init() ./logs/main.log
2025-01-14 01:05:36 Bot started with Trade Settings:
{'n_ma': 12, 'n_std': 2.0, 'maxspread': 0.04, 'mingain': 0.06, 'riskreward': 1.5}

2025-01-14 01:05:36 Bot started
2025-01-14 01:06:08 process_candles triggered:['GBPJPY']
2025-01-14 01:07:02 process_candles triggered:['GBPJPY']
2025-01-14 01:08:06 process_candles triggered:['GBPJPY']
2025-01-14 01:09:10 process_candles triggered:['GBPJPY']
2025-01-14 01:10:03 process_candles triggered:['GBPJPY']
2025-01-14 01:11:07 process_candles triggered:['GBPJPY']
2025-01-14 01:12:00 process_candles triggered:['GBPJPY']
2025-01-14 01:12:01 Place Trade: TradeDecision(): GBPJPY dir:-1 gain:0.0986 sl:192.0337 tp:191.8694
2025-01-14 01:13:06 process_candles triggered:['GBPJPY']
2025-01-14 01:13:06 Place Trade: TradeDecision(): GBPJPY dir:-1 gain:0.1170 sl:192.0710 tp:191.8760
2025-01-14 01:14:10 process_candles triggered:['GBPJPY']
2025-01-14 01:15:03 process_candles triggered:['GBPJPY']
2025-01-14 01:16:07 process_candles triggered:['GBPJPY']
2025-01-14 01:17:01 process_candles triggered:['GBPJPY']
2025-01-14 01:18:05 process_candles triggered:['GBPJPY']
2025-01-14 01:19:09 process_candles triggered:['GBPJPY']
2025-01-14 01:20:02 process_candles triggered:['GBPJPY']
2025-01-14 01:21:06 process_candles triggered:['GBPJPY']
2025-01-14 01:22:10 process_candles triggered:['GBPJPY']
2025-01-14 01:23:03 process_candles triggered:['GBPJPY']
2025-01-14 01:24:07 process_candles triggered:['GBPJPY']
2025-01-14 01:25:11 process_candles triggered:['GBPJPY']
2025-01-14 01:26:04 process_candles triggered:['GBPJPY']
2025-01-14 01:27:08 process_candles triggered:['GBPJPY']
2025-01-14 01:28:01 process_candles triggered:['GBPJPY']
2025-01-14 01:29:06 process_candles triggered:['GBPJPY']
2025-01-14 01:30:09 process_candles triggered:['GBPJPY']
2025-01-14 01:31:03 process_candles triggered:['GBPJPY']
2025-01-14 01:32:06 process_candles triggered:['GBPJPY']
2025-01-14 01:33:10 process_candles triggered:['GBPJPY']
2025-01-14 01:34:03 process_candles triggered:['GBPJPY']
2025-01-14 01:35:07 process_candles triggered:['GBPJPY']
2025-01-14 01:36:00 process_candles triggered:['GBPJPY']
2025-01-14 01:37:04 process_candles triggered:['GBPJPY']
2025-01-14 01:38:08 process_candles triggered:['GBPJPY']
2025-01-14 01:39:01 process_candles triggered:['GBPJPY']
2025-01-14 01:40:05 process_candles triggered:['GBPJPY']
2025-01-14 01:41:09 process_candles triggered:['GBPJPY']
2025-01-14 01:42:02 process_candles triggered:['GBPJPY']
2025-01-14 01:43:06 process_candles triggered:['GBPJPY']
2025-01-14 01:44:09 process_candles triggered:['GBPJPY']
2025-01-14 01:45:03 process_candles triggered:['GBPJPY']
2025-01-14 01:46:06 process_candles triggered:['GBPJPY']
2025-01-14 01:47:10 process_candles triggered:['GBPJPY']
2025-01-14 01:48:03 process_candles triggered:['GBPJPY']
2025-01-14 01:49:07 process_candles triggered:['GBPJPY']
2025-01-14 01:50:00 process_candles triggered:['GBPJPY']
2025-01-14 01:51:04 process_candles triggered:['GBPJPY']
2025-01-14 01:52:08 process_candles triggered:['GBPJPY']
2025-01-14 01:53:12 process_candles triggered:['GBPJPY']
2025-01-14 01:54:05 process_candles triggered:['GBPJPY']
2025-01-14 01:55:09 process_candles triggered:['GBPJPY']
2025-01-14 01:56:02 process_candles triggered:['GBPJPY']
2025-01-14 01:57:06 process_candles triggered:['GBPJPY']
2025-01-14 01:58:09 process_candles triggered:['GBPJPY']
2025-01-14 01:59:03 process_candles triggered:['GBPJPY']
2025-01-14 02:00:06 process_candles triggered:['GBPJPY']
2025-01-14 02:01:10 process_candles triggered:['GBPJPY']
2025-01-14 02:02:03 process_candles triggered:['GBPJPY']
2025-01-14 02:03:07 process_candles triggered:['GBPJPY']
2025-01-14 02:04:00 process_candles triggered:['GBPJPY']
2025-01-14 02:05:04 process_candles triggered:['GBPJPY']
2025-01-14 02:06:08 process_candles triggered:['GBPJPY']
2025-01-14 02:07:01 process_candles triggered:['GBPJPY']
2025-01-14 02:08:05 process_candles triggered:['GBPJPY']
2025-01-14 02:09:08 process_candles triggered:['GBPJPY']
2025-01-14 02:10:02 process_candles triggered:['GBPJPY']
2025-01-14 02:10:02 Place Trade: TradeDecision(): GBPJPY dir:1 gain:0.0978 sl:191.7998 tp:191.9628
2025-01-14 02:11:07 process_candles triggered:['GBPJPY']
2025-01-14 02:12:10 process_candles triggered:['GBPJPY']
2025-01-14 02:13:04 process_candles triggered:['GBPJPY']
2025-01-14 02:14:07 process_candles triggered:['GBPJPY']
2025-01-14 02:15:01 process_candles triggered:['GBPJPY']
2025-01-14 02:16:05 process_candles triggered:['GBPJPY']
2025-01-14 02:17:09 process_candles triggered:['GBPJPY']
2025-01-14 02:18:02 process_candles triggered:['GBPJPY']
2025-01-14 02:19:06 process_candles triggered:['GBPJPY']
2025-01-14 02:20:13 process_candles triggered:['GBPJPY']
2025-01-14 02:21:06 process_candles triggered:['GBPJPY']
2025-01-14 02:22:10 process_candles triggered:['GBPJPY']
2025-01-14 02:23:03 process_candles triggered:['GBPJPY']
2025-01-14 02:24:07 process_candles triggered:['GBPJPY']
2025-01-14 02:25:00 process_candles triggered:['GBPJPY']
2025-01-14 02:26:04 process_candles triggered:['GBPJPY']
2025-01-14 02:27:08 process_candles triggered:['GBPJPY']
2025-01-14 02:28:01 process_candles triggered:['GBPJPY']
2025-01-14 02:29:05 process_candles triggered:['GBPJPY']
2025-01-14 02:30:09 process_candles triggered:['GBPJPY']
2025-01-14 02:31:02 process_candles triggered:['GBPJPY']
2025-01-14 02:32:06 process_candles triggered:['GBPJPY']
2025-01-14 02:33:09 process_candles triggered:['GBPJPY']
2025-01-14 02:34:03 process_candles triggered:['GBPJPY']
2025-01-14 02:35:06 process_candles triggered:['GBPJPY']
2025-01-14 02:36:10 process_candles triggered:['GBPJPY']
2025-01-14 02:36:11 Place Trade: TradeDecision(): GBPJPY dir:-1 gain:0.0759 sl:192.0991 tp:191.9726
2025-01-14 02:37:05 process_candles triggered:['GBPJPY']
2025-01-14 02:38:08 process_candles triggered:['GBPJPY']
2025-01-14 02:39:02 process_candles triggered:['GBPJPY']
2025-01-14 02:40:05 process_candles triggered:['GBPJPY']
2025-01-14 02:41:09 process_candles triggered:['GBPJPY']
2025-01-14 02:42:02 process_candles triggered:['GBPJPY']
2025-01-14 02:43:06 process_candles triggered:['GBPJPY']
2025-01-14 02:44:10 process_candles triggered:['GBPJPY']
2025-01-14 02:45:03 process_candles triggered:['GBPJPY']
2025-01-14 02:46:07 process_candles triggered:['GBPJPY']
2025-01-14 02:47:11 process_candles triggered:['GBPJPY']
2025-01-14 02:48:04 process_candles triggered:['GBPJPY']
2025-01-14 02:49:09 process_candles triggered:['GBPJPY']
2025-01-14 02:50:02 process_candles triggered:['GBPJPY']
2025-01-14 02:51:07 process_candles triggered:['GBPJPY']
2025-01-14 02:52:10 process_candles triggered:['GBPJPY']
2025-01-14 02:53:04 process_candles triggered:['GBPJPY']
2025-01-14 02:54:08 process_candles triggered:['GBPJPY']
2025-01-14 02:55:02 process_candles triggered:['GBPJPY']
2025-01-14 02:56:05 process_candles triggered:['GBPJPY']
2025-01-14 02:57:09 process_candles triggered:['GBPJPY']
2025-01-14 02:58:13 process_candles triggered:['GBPJPY']
2025-01-14 02:59:06 process_candles triggered:['GBPJPY']
2025-01-14 03:00:10 process_candles triggered:['GBPJPY']
2025-01-14 03:01:03 process_candles triggered:['GBPJPY']
2025-01-14 03:02:07 process_candles triggered:['GBPJPY']
2025-01-14 03:03:11 process_candles triggered:['GBPJPY']
2025-01-14 03:03:11 Place Trade: TradeDecision(): GBPJPY dir:1 gain:0.0717 sl:191.8847 tp:192.0042
2025-01-14 03:04:05 process_candles triggered:['GBPJPY']
2025-01-14 03:05:09 process_candles triggered:['GBPJPY']
2025-01-14 03:06:02 process_candles triggered:['GBPJPY']
2025-01-14 03:07:06 process_candles triggered:['GBPJPY']
2025-01-14 03:08:20 process_candles triggered:['GBPJPY']
2025-01-14 03:09:02 process_candles triggered:['GBPJPY']
2025-01-14 03:10:06 process_candles triggered:['GBPJPY']
2025-01-14 03:11:10 process_candles triggered:['GBPJPY']
2025-01-14 03:12:03 process_candles triggered:['GBPJPY']
2025-01-14 03:13:07 process_candles triggered:['GBPJPY']
2025-01-14 03:14:10 process_candles triggered:['GBPJPY']
2025-01-14 03:15:04 process_candles triggered:['GBPJPY']
2025-01-14 03:16:07 process_candles triggered:['GBPJPY']
2025-01-14 03:17:01 process_candles triggered:['GBPJPY']
2025-01-14 03:18:04 process_candles triggered:['GBPJPY']
2025-01-14 03:19:08 process_candles triggered:['GBPJPY']
2025-01-14 03:20:01 process_candles triggered:['GBPJPY']
2025-01-14 03:21:05 process_candles triggered:['GBPJPY']
2025-01-14 03:22:19 process_candles triggered:['GBPJPY']
2025-01-14 03:23:02 process_candles triggered:['GBPJPY']
2025-01-14 03:24:05 process_candles triggered:['GBPJPY']
2025-01-14 03:25:09 process_candles triggered:['GBPJPY']
2025-01-14 03:26:02 process_candles triggered:['GBPJPY']
2025-01-14 03:27:06 process_candles triggered:['GBPJPY']
2025-01-14 03:28:10 process_candles triggered:['GBPJPY']
2025-01-14 03:29:03 process_candles triggered:['GBPJPY']
2025-01-14 03:30:07 process_candles triggered:['GBPJPY']
2025-01-14 03:33:59 process_candles triggered:['GBPJPY']
2025-01-14 03:34:10 process_candles triggered:['GBPJPY']
2025-01-14 03:35:03 process_candles triggered:['GBPJPY']
2025-01-14 03:36:07 process_candles triggered:['GBPJPY']
2025-01-14 03:37:01 process_candles triggered:['GBPJPY']
2025-01-14 03:38:04 process_candles triggered:['GBPJPY']
2025-01-14 03:39:08 process_candles triggered:['GBPJPY']
2025-01-14 03:40:01 process_candles triggered:['GBPJPY']
2025-01-14 03:41:05 process_candles triggered:['GBPJPY']
2025-01-14 03:42:09 process_candles triggered:['GBPJPY']
2025-01-14 03:43:02 process_candles triggered:['GBPJPY']
2025-01-14 03:44:06 process_candles triggered:['GBPJPY']
2025-01-14 03:45:09 process_candles triggered:['GBPJPY']
2025-01-14 03:46:02 process_candles triggered:['GBPJPY']
2025-01-14 03:47:59 process_candles triggered:['GBPJPY']
2025-01-14 03:48:10 process_candles triggered:['GBPJPY']
2025-01-14 03:49:24 process_candles triggered:['GBPJPY']
2025-01-14 03:50:07 process_candles triggered:['GBPJPY']
2025-01-14 03:51:21 process_candles triggered:['GBPJPY']
2025-01-14 03:52:04 process_candles triggered:['GBPJPY']
2025-01-14 03:53:07 process_candles triggered:['GBPJPY']
2025-01-14 03:54:11 process_candles triggered:['GBPJPY']
2025-01-14 03:55:04 process_candles triggered:['GBPJPY']
2025-01-14 03:56:08 process_candles triggered:['GBPJPY']
2025-01-14 03:57:12 process_candles triggered:['GBPJPY']
2025-01-14 03:58:05 process_candles triggered:['GBPJPY']
2025-01-14 03:59:09 process_candles triggered:['GBPJPY']
2025-01-14 04:00:13 process_candles triggered:['GBPJPY']
2025-01-14 04:01:06 process_candles triggered:['GBPJPY']
2025-01-14 04:02:09 process_candles triggered:['GBPJPY']
2025-01-14 04:03:03 process_candles triggered:['GBPJPY']
2025-01-14 04:04:06 process_candles triggered:['GBPJPY']
2025-01-14 04:05:10 process_candles triggered:['GBPJPY']
2025-01-14 04:06:03 process_candles triggered:['GBPJPY']
2025-01-14 04:07:07 process_candles triggered:['GBPJPY']
2025-01-14 04:08:10 process_candles triggered:['GBPJPY']
2025-01-14 04:09:04 process_candles triggered:['GBPJPY']
2025-01-14 04:10:07 process_candles triggered:['GBPJPY']
2025-01-14 04:11:01 process_candles triggered:['GBPJPY']
2025-01-14 04:12:04 process_candles triggered:['GBPJPY']
2025-01-14 04:13:08 process_candles triggered:['GBPJPY']
2025-01-14 04:14:01 process_candles triggered:['GBPJPY']
2025-01-14 04:15:05 process_candles triggered:['GBPJPY']
2025-01-14 04:16:08 process_candles triggered:['GBPJPY']
2025-01-14 04:17:02 process_candles triggered:['GBPJPY']
2025-01-14 04:18:05 process_candles triggered:['GBPJPY']
2025-01-14 04:19:09 process_candles triggered:['GBPJPY']
2025-01-14 04:20:02 process_candles triggered:['GBPJPY']
2025-01-14 04:21:06 process_candles triggered:['GBPJPY']
2025-01-14 04:22:10 process_candles triggered:['GBPJPY']
2025-01-14 04:23:03 process_candles triggered:['GBPJPY']
2025-01-14 04:24:06 process_candles triggered:['GBPJPY']
2025-01-14 04:25:10 process_candles triggered:['GBPJPY']
2025-01-14 04:26:03 process_candles triggered:['GBPJPY']
2025-01-14 04:27:07 process_candles triggered:['GBPJPY']
2025-01-14 04:28:00 process_candles triggered:['GBPJPY']
2025-01-14 04:29:04 process_candles triggered:['GBPJPY']
2025-01-14 04:30:07 process_candles triggered:['GBPJPY']
2025-01-14 04:31:01 process_candles triggered:['GBPJPY']
2025-01-14 04:32:04 process_candles triggered:['GBPJPY']
2025-01-14 04:33:08 process_candles triggered:['GBPJPY']
2025-01-14 04:33:09 Place Trade: TradeDecision(): GBPJPY dir:1 gain:0.1102 sl:192.3631 tp:192.5467
2025-01-14 04:34:02 process_candles triggered:['GBPJPY']
2025-01-14 04:34:03 Place Trade: TradeDecision(): GBPJPY dir:1 gain:0.1058 sl:192.3535 tp:192.5298
2025-01-14 04:35:06 process_candles triggered:['GBPJPY']
2025-01-14 04:35:07 Place Trade: TradeDecision(): GBPJPY dir:1 gain:0.1297 sl:192.2951 tp:192.5112
2025-01-14 04:36:10 process_candles triggered:['GBPJPY']
2025-01-14 04:37:03 process_candles triggered:['GBPJPY']
2025-01-14 04:38:07 process_candles triggered:['GBPJPY']
2025-01-14 04:39:11 process_candles triggered:['GBPJPY']
2025-01-14 04:40:04 process_candles triggered:['GBPJPY']
2025-01-14 04:41:08 process_candles triggered:['GBPJPY']
2025-01-14 04:42:01 process_candles triggered:['GBPJPY']
2025-01-14 04:43:05 process_candles triggered:['GBPJPY']
2025-01-14 04:44:08 process_candles triggered:['GBPJPY']
2025-01-14 04:45:02 process_candles triggered:['GBPJPY']
2025-01-14 04:46:05 process_candles triggered:['GBPJPY']
2025-01-14 04:47:09 process_candles triggered:['GBPJPY']
2025-01-14 04:48:02 process_candles triggered:['GBPJPY']
2025-01-14 04:49:06 process_candles triggered:['GBPJPY']
2025-01-14 04:50:10 process_candles triggered:['GBPJPY']
2025-01-14 04:51:03 process_candles triggered:['GBPJPY']
2025-01-14 04:51:03 Place Trade: TradeDecision(): GBPJPY dir:-1 gain:0.0716 sl:192.5092 tp:192.3899
2025-01-14 04:52:08 process_candles triggered:['GBPJPY']
2025-01-14 04:53:01 process_candles triggered:['GBPJPY']
2025-01-14 04:54:04 process_candles triggered:['GBPJPY']
2025-01-14 04:54:05 Place Trade: TradeDecision(): GBPJPY dir:-1 gain:0.0893 sl:192.5655 tp:192.4167
2025-01-14 04:55:09 process_candles triggered:['GBPJPY']
2025-01-14 04:56:03 process_candles triggered:['GBPJPY']
2025-01-14 04:57:06 process_candles triggered:['GBPJPY']
2025-01-14 04:58:10 process_candles triggered:['GBPJPY']
2025-01-14 04:58:11 Place Trade: TradeDecision(): GBPJPY dir:-1 gain:0.1026 sl:192.6219 tp:192.4509
2025-01-14 04:59:04 process_candles triggered:['GBPJPY']
2025-01-14 05:00:08 process_candles triggered:['GBPJPY']
2025-01-14 05:01:01 process_candles triggered:['GBPJPY']
2025-01-14 05:02:05 process_candles triggered:['GBPJPY']
2025-01-14 05:02:06 Place Trade: TradeDecision(): GBPJPY dir:-1 gain:0.0778 sl:192.6279 tp:192.4982
2025-01-14 05:03:09 process_candles triggered:['GBPJPY']
2025-01-14 05:04:02 process_candles triggered:['GBPJPY']
2025-01-14 05:05:06 process_candles triggered:['GBPJPY']
2025-01-14 05:06:09 process_candles triggered:['GBPJPY']
2025-01-14 05:07:03 process_candles triggered:['GBPJPY']
2025-01-14 05:08:06 process_candles triggered:['GBPJPY']
2025-01-14 05:09:10 process_candles triggered:['GBPJPY']
2025-01-14 05:10:03 process_candles triggered:['GBPJPY']
2025-01-14 05:11:07 process_candles triggered:['GBPJPY']
2025-01-14 05:12:01 process_candles triggered:['GBPJPY']
2025-01-14 05:13:04 process_candles triggered:['GBPJPY']
2025-01-14 05:14:08 process_candles triggered:['GBPJPY']
2025-01-14 05:15:01 process_candles triggered:['GBPJPY']
2025-01-14 05:16:05 process_candles triggered:['GBPJPY']
2025-01-14 05:17:09 process_candles triggered:['GBPJPY']
2025-01-14 05:18:02 process_candles triggered:['GBPJPY']
2025-01-14 05:19:05 process_candles triggered:['GBPJPY']
2025-01-14 05:19:06 Place Trade: TradeDecision(): GBPJPY dir:-1 gain:0.0880 sl:192.5502 tp:192.4035
2025-01-14 05:20:10 process_candles triggered:['GBPJPY']
2025-01-14 05:21:04 process_candles triggered:['GBPJPY']
2025-01-14 05:21:04 Place Trade: TradeDecision(): GBPJPY dir:-1 gain:0.1175 sl:192.6143 tp:192.4185
2025-01-14 05:22:08 process_candles triggered:['GBPJPY']
2025-01-14 05:23:02 process_candles triggered:['GBPJPY']
2025-01-14 05:24:05 process_candles triggered:['GBPJPY']
2025-01-14 05:25:09 process_candles triggered:['GBPJPY']
2025-01-14 05:26:02 process_candles triggered:['GBPJPY']
2025-01-14 05:27:06 process_candles triggered:['GBPJPY']
2025-01-14 05:28:09 process_candles triggered:['GBPJPY']
2025-01-14 05:29:03 process_candles triggered:['GBPJPY']
2025-01-14 05:30:06 process_candles triggered:['GBPJPY']
2025-01-14 05:30:07 Place Trade: TradeDecision(): GBPJPY dir:1 gain:0.0609 sl:192.3869 tp:192.4884
2025-01-14 05:31:01 process_candles triggered:['GBPJPY']
2025-01-14 05:31:01 Place Trade: TradeDecision(): GBPJPY dir:1 gain:0.2337 sl:192.0847 tp:192.4742
2025-01-14 05:32:06 process_candles triggered:['GBPJPY']
2025-01-14 05:33:09 process_candles triggered:['GBPJPY']
2025-01-14 05:33:10 Place Trade: TradeDecision(): GBPJPY dir:1 gain:0.2555 sl:191.9996 tp:192.4255
2025-01-14 05:34:03 process_candles triggered:['GBPJPY']
2025-01-14 05:35:07 process_candles triggered:['GBPJPY']
2025-01-14 05:36:10 process_candles triggered:['GBPJPY']
2025-01-14 05:37:03 process_candles triggered:['GBPJPY']
2025-01-14 05:38:07 process_candles triggered:['GBPJPY']
2025-01-14 05:39:00 process_candles triggered:['GBPJPY']
2025-01-14 05:40:04 process_candles triggered:['GBPJPY']
2025-01-14 05:41:08 process_candles triggered:['GBPJPY']
2025-01-14 05:42:01 process_candles triggered:['GBPJPY']
2025-01-14 05:43:05 process_candles triggered:['GBPJPY']
2025-01-14 05:44:08 process_candles triggered:['GBPJPY']
2025-01-14 05:45:02 process_candles triggered:['GBPJPY']
2025-01-14 05:46:06 process_candles triggered:['GBPJPY']
2025-01-14 05:47:10 process_candles triggered:['GBPJPY']
2025-01-14 05:48:03 process_candles triggered:['GBPJPY']
2025-01-14 05:49:07 process_candles triggered:['GBPJPY']
2025-01-14 05:50:10 process_candles triggered:['GBPJPY']
2025-01-14 05:51:04 process_candles triggered:['GBPJPY']
2025-01-14 05:52:07 process_candles triggered:['GBPJPY']
2025-01-14 05:53:01 process_candles triggered:['GBPJPY']
2025-01-14 05:54:04 process_candles triggered:['GBPJPY']
2025-01-14 05:55:09 process_candles triggered:['GBPJPY']
2025-01-14 05:56:02 process_candles triggered:['GBPJPY']
2025-01-14 05:57:06 process_candles triggered:['GBPJPY']
2025-01-14 05:58:10 process_candles triggered:['GBPJPY']
2025-01-14 05:59:03 process_candles triggered:['GBPJPY']
2025-01-14 06:00:07 process_candles triggered:['GBPJPY']
2025-01-14 06:01:00 process_candles triggered:['GBPJPY']
2025-01-14 06:02:04 process_candles triggered:['GBPJPY']
2025-01-14 06:03:08 process_candles triggered:['GBPJPY']
2025-01-14 06:04:01 process_candles triggered:['GBPJPY']
2025-01-14 06:05:05 process_candles triggered:['GBPJPY']
2025-01-14 06:06:08 process_candles triggered:['GBPJPY']
2025-01-14 06:07:02 process_candles triggered:['GBPJPY']
2025-01-14 06:08:05 process_candles triggered:['GBPJPY']
2025-01-14 06:09:09 process_candles triggered:['GBPJPY']
2025-01-14 06:10:03 process_candles triggered:['GBPJPY']
2025-01-14 06:11:06 process_candles triggered:['GBPJPY']
2025-01-14 06:12:10 process_candles triggered:['GBPJPY']
2025-01-14 06:13:04 process_candles triggered:['GBPJPY']
2025-01-14 06:14:08 process_candles triggered:['GBPJPY']
2025-01-14 06:14:08 Place Trade: TradeDecision(): GBPJPY dir:1 gain:0.0908 sl:192.1969 tp:192.3483
2025-01-14 06:15:01 process_candles triggered:['GBPJPY']
2025-01-14 06:15:02 Place Trade: TradeDecision(): GBPJPY dir:1 gain:0.1018 sl:192.1671 tp:192.3368
2025-01-14 06:16:05 process_candles triggered:['GBPJPY']
2025-01-14 06:17:09 process_candles triggered:['GBPJPY']
2025-01-14 06:18:02 process_candles triggered:['GBPJPY']
2025-01-14 06:19:06 process_candles triggered:['GBPJPY']
2025-01-14 06:20:10 process_candles triggered:['GBPJPY']
2025-01-14 06:21:03 process_candles triggered:['GBPJPY']
2025-01-14 06:22:07 process_candles triggered:['GBPJPY']
2025-01-14 06:22:08 Place Trade: TradeDecision(): GBPJPY dir:-1 gain:0.1067 sl:192.4801 tp:192.3023
2025-01-14 06:23:01 process_candles triggered:['GBPJPY']
2025-01-14 06:24:04 process_candles triggered:['GBPJPY']
2025-01-14 06:25:09 process_candles triggered:['GBPJPY']
2025-01-14 06:26:02 process_candles triggered:['GBPJPY']
2025-01-14 06:27:06 process_candles triggered:['GBPJPY']
2025-01-14 06:28:09 process_candles triggered:['GBPJPY']
2025-01-14 06:29:03 process_candles triggered:['GBPJPY']
2025-01-14 06:30:06 process_candles triggered:['GBPJPY']
2025-01-14 06:31:10 process_candles triggered:['GBPJPY']
2025-01-14 06:32:03 process_candles triggered:['GBPJPY']
2025-01-14 06:32:04 Place Trade: TradeDecision(): GBPJPY dir:1 gain:0.0807 sl:192.1857 tp:192.3202
2025-01-14 06:33:07 process_candles triggered:['GBPJPY']
2025-01-14 06:33:08 Place Trade: TradeDecision(): GBPJPY dir:1 gain:0.1029 sl:192.1419 tp:192.3134
2025-01-14 06:34:01 process_candles triggered:['GBPJPY']
2025-01-14 06:35:04 process_candles triggered:['GBPJPY']
2025-01-14 06:36:08 process_candles triggered:['GBPJPY']
2025-01-14 06:37:01 process_candles triggered:['GBPJPY']
2025-01-14 06:38:05 process_candles triggered:['GBPJPY']
2025-01-14 06:39:09 process_candles triggered:['GBPJPY']
2025-01-14 06:40:02 process_candles triggered:['GBPJPY']
2025-01-14 06:41:06 process_candles triggered:['GBPJPY']
2025-01-14 06:42:09 process_candles triggered:['GBPJPY']
2025-01-14 06:43:03 process_candles triggered:['GBPJPY']
2025-01-14 06:44:06 process_candles triggered:['GBPJPY']
2025-01-14 06:45:10 process_candles triggered:['GBPJPY']
2025-01-14 06:46:03 process_candles triggered:['GBPJPY']
2025-01-14 06:47:07 process_candles triggered:['GBPJPY']
2025-01-14 06:48:00 process_candles triggered:['GBPJPY']
2025-01-14 06:49:04 process_candles triggered:['GBPJPY']
2025-01-14 06:50:08 process_candles triggered:['GBPJPY']
2025-01-14 06:51:01 process_candles triggered:['GBPJPY']
2025-01-14 06:52:05 process_candles triggered:['GBPJPY']
2025-01-14 06:53:08 process_candles triggered:['GBPJPY']
2025-01-14 06:54:02 process_candles triggered:['GBPJPY']
2025-01-14 06:55:05 process_candles triggered:['GBPJPY']
2025-01-14 06:56:09 process_candles triggered:['GBPJPY']
2025-01-14 06:57:02 process_candles triggered:['GBPJPY']
2025-01-14 06:58:06 process_candles triggered:['GBPJPY']
2025-01-14 06:59:10 process_candles triggered:['GBPJPY']
2025-01-14 07:00:03 process_candles triggered:['GBPJPY']
2025-01-14 07:01:07 process_candles triggered:['GBPJPY']
2025-01-14 07:01:07 Place Trade: TradeDecision(): GBPJPY dir:-1 gain:0.3384 sl:192.9061 tp:192.3421
2025-01-14 07:02:01 process_candles triggered:['GBPJPY']
2025-01-14 07:03:05 process_candles triggered:['GBPJPY']
2025-01-14 07:03:06 Place Trade: TradeDecision(): GBPJPY dir:-1 gain:0.3843 sl:193.0447 tp:192.4042
2025-01-14 07:04:10 process_candles triggered:['GBPJPY']
2025-01-14 07:05:03 process_candles triggered:['GBPJPY']
2025-01-14 07:06:07 process_candles triggered:['GBPJPY']
2025-01-14 07:07:00 process_candles triggered:['GBPJPY']
2025-01-14 07:08:04 process_candles triggered:['GBPJPY']
2025-01-14 07:09:08 process_candles triggered:['GBPJPY']
2025-01-14 07:10:01 process_candles triggered:['GBPJPY']
2025-01-14 07:11:04 process_candles triggered:['GBPJPY']
2025-01-14 07:12:08 process_candles triggered:['GBPJPY']
2025-01-14 07:13:01 process_candles triggered:['GBPJPY']
2025-01-14 07:14:05 process_candles triggered:['GBPJPY']
2025-01-14 07:15:09 process_candles triggered:['GBPJPY']
2025-01-14 07:16:02 process_candles triggered:['GBPJPY']
2025-01-14 07:17:06 process_candles triggered:['GBPJPY']
2025-01-14 07:18:10 process_candles triggered:['GBPJPY']
2025-01-14 07:18:10 Place Trade: TradeDecision(): GBPJPY dir:1 gain:0.1181 sl:192.4628 tp:192.6596
2025-01-14 07:19:03 process_candles triggered:['GBPJPY']
2025-01-14 07:20:07 process_candles triggered:['GBPJPY']
2025-01-14 07:20:08 Place Trade: TradeDecision(): GBPJPY dir:1 gain:0.1467 sl:192.3902 tp:192.6347
2025-01-14 07:21:00 process_candles triggered:['GBPJPY']
2025-01-14 07:21:01 Place Trade: TradeDecision(): GBPJPY dir:1 gain:0.2399 sl:192.2086 tp:192.6084
2025-01-14 07:22:05 process_candles triggered:['GBPJPY']
2025-01-14 07:22:06 Place Trade: TradeDecision(): GBPJPY dir:1 gain:0.2821 sl:192.1075 tp:192.5776
2025-01-14 07:23:09 process_candles triggered:['GBPJPY']
2025-01-14 07:24:03 process_candles triggered:['GBPJPY']
2025-01-14 07:25:06 process_candles triggered:['GBPJPY']
2025-01-14 07:26:10 process_candles triggered:['GBPJPY']
2025-01-14 07:27:04 process_candles triggered:['GBPJPY']
2025-01-14 07:28:01 process_candles triggered:['GBPJPY']
2025-01-14 07:29:05 process_candles triggered:['GBPJPY']
2025-01-14 07:30:08 process_candles triggered:['GBPJPY']
2025-01-14 07:31:01 process_candles triggered:['GBPJPY']
2025-01-14 07:32:06 process_candles triggered:['GBPJPY']
2025-01-14 07:33:10 process_candles triggered:['GBPJPY']
2025-01-14 07:34:03 process_candles triggered:['GBPJPY']
2025-01-14 07:35:07 process_candles triggered:['GBPJPY']
2025-01-14 07:36:10 process_candles triggered:['GBPJPY']
2025-01-14 07:36:11 Place Trade: TradeDecision(): GBPJPY dir:1 gain:0.1069 sl:192.0868 tp:192.2649
2025-01-14 07:37:05 process_candles triggered:['GBPJPY']
2025-01-14 07:37:05 Place Trade: TradeDecision(): GBPJPY dir:1 gain:0.1092 sl:192.0727 tp:192.2547
2025-01-14 07:38:09 process_candles triggered:['GBPJPY']
2025-01-14 07:39:02 process_candles triggered:['GBPJPY']
2025-01-14 07:40:06 process_candles triggered:['GBPJPY']
2025-01-14 07:41:10 process_candles triggered:['GBPJPY']
2025-01-14 07:42:03 process_candles triggered:['GBPJPY']
2025-01-14 07:43:07 process_candles triggered:['GBPJPY']
2025-01-14 07:44:11 process_candles triggered:['GBPJPY']
2025-01-14 07:45:05 process_candles triggered:['GBPJPY']
2025-01-14 07:46:08 process_candles triggered:['GBPJPY']
2025-01-14 07:47:02 process_candles triggered:['GBPJPY']
2025-01-14 07:48:06 process_candles triggered:['GBPJPY']
2025-01-14 07:49:09 process_candles triggered:['GBPJPY']
2025-01-14 07:50:03 process_candles triggered:['GBPJPY']
2025-01-14 07:51:07 process_candles triggered:['GBPJPY']
2025-01-14 07:52:01 process_candles triggered:['GBPJPY']
2025-01-14 07:53:05 process_candles triggered:['GBPJPY']
2025-01-14 07:54:09 process_candles triggered:['GBPJPY']
2025-01-14 07:55:02 process_candles triggered:['GBPJPY']
2025-01-14 07:56:06 process_candles triggered:['GBPJPY']
2025-01-14 07:57:10 process_candles triggered:['GBPJPY']
2025-01-14 07:58:03 process_candles triggered:['GBPJPY']
2025-01-14 07:59:07 process_candles triggered:['GBPJPY']
2025-01-14 08:00:01 process_candles triggered:['GBPJPY']
2025-01-14 08:01:06 process_candles triggered:['GBPJPY']
2025-01-14 08:02:10 process_candles triggered:['GBPJPY']
2025-01-14 08:03:03 process_candles triggered:['GBPJPY']
2025-01-14 08:04:08 process_candles triggered:['GBPJPY']
2025-01-14 08:05:01 process_candles triggered:['GBPJPY']
2025-01-14 08:06:05 process_candles triggered:['GBPJPY']
2025-01-14 08:07:09 process_candles triggered:['GBPJPY']
2025-01-14 08:08:02 process_candles triggered:['GBPJPY']
2025-01-14 08:09:07 process_candles triggered:['GBPJPY']
2025-01-14 08:10:00 process_candles triggered:['GBPJPY']
2025-01-14 08:11:04 process_candles triggered:['GBPJPY']
2025-01-14 08:12:08 process_candles triggered:['GBPJPY']
2025-01-14 08:12:09 Place Trade: TradeDecision(): GBPJPY dir:1 gain:0.0617 sl:192.1559 tp:192.2587
2025-01-14 08:13:02 process_candles triggered:['GBPJPY']
2025-01-14 08:14:06 process_candles triggered:['GBPJPY']
2025-01-14 08:15:10 process_candles triggered:['GBPJPY']
2025-01-14 08:16:03 process_candles triggered:['GBPJPY']
2025-01-14 08:17:07 process_candles triggered:['GBPJPY']
2025-01-14 08:18:11 process_candles triggered:['GBPJPY']
2025-01-14 08:19:04 process_candles triggered:['GBPJPY']
2025-01-14 08:20:08 process_candles triggered:['GBPJPY']
2025-01-14 08:21:11 process_candles triggered:['GBPJPY']
2025-01-14 08:22:04 process_candles triggered:['GBPJPY']
2025-01-14 08:23:08 process_candles triggered:['GBPJPY']
2025-01-14 08:24:02 process_candles triggered:['GBPJPY']
2025-01-14 08:25:05 process_candles triggered:['GBPJPY']
2025-01-14 08:26:09 process_candles triggered:['GBPJPY']
2025-01-14 08:26:10 Place Trade: TradeDecision(): GBPJPY dir:-1 gain:0.0782 sl:192.4306 tp:192.3003
2025-01-14 08:27:03 process_candles triggered:['GBPJPY']
2025-01-14 08:27:04 Place Trade: TradeDecision(): GBPJPY dir:-1 gain:0.0887 sl:192.4566 tp:192.3088
2025-01-14 08:28:07 process_candles triggered:['GBPJPY']
2025-01-14 08:28:08 Place Trade: TradeDecision(): GBPJPY dir:-1 gain:0.1262 sl:192.5311 tp:192.3208
2025-01-14 08:29:02 process_candles triggered:['GBPJPY']
2025-01-14 08:30:06 process_candles triggered:['GBPJPY']
2025-01-14 08:31:09 process_candles triggered:['GBPJPY']
2025-01-14 08:32:02 process_candles triggered:['GBPJPY']
2025-01-14 08:33:06 process_candles triggered:['GBPJPY']
2025-01-14 08:34:10 process_candles triggered:['GBPJPY']
2025-01-14 08:35:03 process_candles triggered:['GBPJPY']
2025-01-14 08:36:07 process_candles triggered:['GBPJPY']
2025-01-14 08:37:11 process_candles triggered:['GBPJPY']
2025-01-14 08:37:11 Place Trade: TradeDecision(): GBPJPY dir:-1 gain:0.0831 sl:192.5269 tp:192.3884
2025-01-14 08:38:04 process_candles triggered:['GBPJPY']
2025-01-14 08:38:05 Place Trade: TradeDecision(): GBPJPY dir:-1 gain:0.1332 sl:192.6228 tp:192.4008
2025-01-14 08:39:09 process_candles triggered:['GBPJPY']
2025-01-14 08:40:02 process_candles triggered:['GBPJPY']
2025-01-14 08:40:03 Place Trade: TradeDecision(): GBPJPY dir:-1 gain:0.2111 sl:192.7782 tp:192.4264
2025-01-14 08:41:07 process_candles triggered:['GBPJPY']
2025-01-14 08:42:01 process_candles triggered:['GBPJPY']
2025-01-14 08:43:04 process_candles triggered:['GBPJPY']
2025-01-14 08:44:08 process_candles triggered:['GBPJPY']
2025-01-14 08:45:01 process_candles triggered:['GBPJPY']
2025-01-14 08:46:05 process_candles triggered:['GBPJPY']
2025-01-14 08:47:09 process_candles triggered:['GBPJPY']
2025-01-14 08:48:02 process_candles triggered:['GBPJPY']
2025-01-14 08:49:06 process_candles triggered:['GBPJPY']
2025-01-14 08:50:10 process_candles triggered:['GBPJPY']
2025-01-14 08:51:04 process_candles triggered:['GBPJPY']
2025-01-14 08:52:10 process_candles triggered:['GBPJPY']
2025-01-14 08:53:03 process_candles triggered:['GBPJPY']
2025-01-14 08:54:07 process_candles triggered:['GBPJPY']
2025-01-14 08:55:11 process_candles triggered:['GBPJPY']
2025-01-14 08:56:04 process_candles triggered:['GBPJPY']
2025-01-14 08:57:08 process_candles triggered:['GBPJPY']
2025-01-14 08:58:12 process_candles triggered:['GBPJPY']
2025-01-14 08:59:05 process_candles triggered:['GBPJPY']
2025-01-14 09:00:09 process_candles triggered:['GBPJPY']
2025-01-14 09:01:02 process_candles triggered:['GBPJPY']
2025-01-14 09:02:06 process_candles triggered:['GBPJPY']
2025-01-14 09:03:10 process_candles triggered:['GBPJPY']
2025-01-14 09:04:03 process_candles triggered:['GBPJPY']
2025-01-14 09:05:07 process_candles triggered:['GBPJPY']
2025-01-14 09:06:00 process_candles triggered:['GBPJPY']
2025-01-14 09:07:04 process_candles triggered:['GBPJPY']
2025-01-14 09:08:08 process_candles triggered:['GBPJPY']
2025-01-14 09:09:01 process_candles triggered:['GBPJPY']
2025-01-14 09:09:02 Place Trade: TradeDecision(): GBPJPY dir:-1 gain:0.0641 sl:192.6257 tp:192.5189
2025-01-14 09:10:05 process_candles triggered:['GBPJPY']
2025-01-14 09:11:09 process_candles triggered:['GBPJPY']
2025-01-14 09:12:02 process_candles triggered:['GBPJPY']
2025-01-14 09:13:06 process_candles triggered:['GBPJPY']
2025-01-14 09:14:10 process_candles triggered:['GBPJPY']
2025-01-14 09:15:03 process_candles triggered:['GBPJPY']
2025-01-14 09:16:07 process_candles triggered:['GBPJPY']
2025-01-14 09:17:11 process_candles triggered:['GBPJPY']
2025-01-14 09:18:04 process_candles triggered:['GBPJPY']
2025-01-14 09:19:08 process_candles triggered:['GBPJPY']
2025-01-14 09:20:01 process_candles triggered:['GBPJPY']
2025-01-14 09:21:04 process_candles triggered:['GBPJPY']
2025-01-14 09:22:08 process_candles triggered:['GBPJPY']
2025-01-14 09:23:02 process_candles triggered:['GBPJPY']
2025-01-14 09:24:05 process_candles triggered:['GBPJPY']
2025-01-14 09:25:09 process_candles triggered:['GBPJPY']
2025-01-14 09:26:02 process_candles triggered:['GBPJPY']
2025-01-14 09:27:06 process_candles triggered:['GBPJPY']
2025-01-14 09:28:10 process_candles triggered:['GBPJPY']
2025-01-14 09:29:03 process_candles triggered:['GBPJPY']
2025-01-14 09:30:07 process_candles triggered:['GBPJPY']
2025-01-14 09:30:07 Place Trade: TradeDecision(): GBPJPY dir:1 gain:0.0964 sl:192.2937 tp:192.4544
2025-01-14 09:31:12 process_candles triggered:['GBPJPY']
2025-01-14 09:32:05 process_candles triggered:['GBPJPY']
2025-01-14 09:33:09 process_candles triggered:['GBPJPY']
2025-01-14 09:34:02 process_candles triggered:['GBPJPY']
2025-01-14 09:35:05 process_candles triggered:['GBPJPY']
2025-01-14 09:35:06 Place Trade: TradeDecision(): GBPJPY dir:1 gain:0.1423 sl:192.1616 tp:192.3988
2025-01-14 09:36:10 process_candles triggered:['GBPJPY']
2025-01-14 09:37:04 process_candles triggered:['GBPJPY']
2025-01-14 09:38:07 process_candles triggered:['GBPJPY']
2025-01-14 09:39:11 process_candles triggered:['GBPJPY']
2025-01-14 09:40:04 process_candles triggered:['GBPJPY']
2025-01-14 09:41:08 process_candles triggered:['GBPJPY']
2025-01-14 09:42:12 process_candles triggered:['GBPJPY']
2025-01-14 09:43:05 process_candles triggered:['GBPJPY']
2025-01-14 09:44:09 process_candles triggered:['GBPJPY']
2025-01-14 09:45:02 process_candles triggered:['GBPJPY']
2025-01-14 09:46:05 process_candles triggered:['GBPJPY']
2025-01-14 09:47:09 process_candles triggered:['GBPJPY']
2025-01-14 09:48:02 process_candles triggered:['GBPJPY']
2025-01-14 09:49:06 process_candles triggered:['GBPJPY']
2025-01-14 09:50:10 process_candles triggered:['GBPJPY']
2025-01-14 09:51:14 process_candles triggered:['GBPJPY']
2025-01-14 09:52:07 process_candles triggered:['GBPJPY']
2025-01-14 09:53:11 process_candles triggered:['GBPJPY']
2025-01-14 09:54:04 process_candles triggered:['GBPJPY']
2025-01-14 09:55:07 process_candles triggered:['GBPJPY']
2025-01-14 09:56:11 process_candles triggered:['GBPJPY']
2025-01-14 09:57:04 process_candles triggered:['GBPJPY']
2025-01-14 09:58:08 process_candles triggered:['GBPJPY']
2025-01-14 09:59:01 process_candles triggered:['GBPJPY']
2025-01-14 10:00:05 process_candles triggered:['GBPJPY']
2025-01-14 10:01:09 process_candles triggered:['GBPJPY']
2025-01-14 10:02:02 process_candles triggered:['GBPJPY']
2025-01-14 10:02:03 Place Trade: TradeDecision(): GBPJPY dir:-1 gain:0.0638 sl:192.3545 tp:192.2482
2025-01-14 10:03:06 process_candles triggered:['GBPJPY']
2025-01-14 10:03:07 Place Trade: TradeDecision(): GBPJPY dir:-1 gain:0.1128 sl:192.4422 tp:192.2542
2025-01-14 10:04:10 process_candles triggered:['GBPJPY']
2025-01-14 10:05:03 process_candles triggered:['GBPJPY']
2025-01-14 10:05:04 Place Trade: TradeDecision(): GBPJPY dir:-1 gain:0.1263 sl:192.4862 tp:192.2757
2025-01-14 10:06:08 process_candles triggered:['GBPJPY']
2025-01-14 10:07:02 process_candles triggered:['GBPJPY']
2025-01-14 10:08:05 process_candles triggered:['GBPJPY']
2025-01-14 10:09:09 process_candles triggered:['GBPJPY']
2025-01-14 10:10:02 process_candles triggered:['GBPJPY']
2025-01-14 10:11:08 process_candles triggered:['GBPJPY']
2025-01-14 10:12:09 process_candles triggered:['GBPJPY']
2025-01-14 10:13:07 process_candles triggered:['GBPJPY']
2025-01-14 10:14:11 process_candles triggered:['GBPJPY']
2025-01-14 10:15:04 process_candles triggered:['GBPJPY']
2025-01-14 10:16:08 process_candles triggered:['GBPJPY']
2025-01-14 10:16:08 Place Trade: TradeDecision(): GBPJPY dir:1 gain:0.0649 sl:192.2857 tp:192.3939
2025-01-14 10:17:01 process_candles triggered:['GBPJPY']
2025-01-14 10:18:05 process_candles triggered:['GBPJPY']
2025-01-14 10:19:09 process_candles triggered:['GBPJPY']
2025-01-14 10:20:02 process_candles triggered:['GBPJPY']
2025-01-14 10:21:06 process_candles triggered:['GBPJPY']
2025-01-14 10:22:09 process_candles triggered:['GBPJPY']
2025-01-14 10:23:02 process_candles triggered:['GBPJPY']
2025-01-14 10:24:06 process_candles triggered:['GBPJPY']
2025-01-14 10:25:01 process_candles triggered:['GBPJPY']
2025-01-14 10:26:05 process_candles triggered:['GBPJPY']
2025-01-14 10:27:09 process_candles triggered:['GBPJPY']
2025-01-14 10:28:02 process_candles triggered:['GBPJPY']
2025-01-14 10:29:06 process_candles triggered:['GBPJPY']
2025-01-14 10:30:10 process_candles triggered:['GBPJPY']
2025-01-14 10:31:03 process_candles triggered:['GBPJPY']
2025-01-14 10:32:07 process_candles triggered:['GBPJPY']
2025-01-14 10:33:00 process_candles triggered:['GBPJPY']
2025-01-14 10:34:04 process_candles triggered:['GBPJPY']
2025-01-14 10:35:08 process_candles triggered:['GBPJPY']
2025-01-14 10:36:01 process_candles triggered:['GBPJPY']
2025-01-14 10:37:05 process_candles triggered:['GBPJPY']
2025-01-14 10:38:09 process_candles triggered:['GBPJPY']
2025-01-14 10:39:03 process_candles triggered:['GBPJPY']
2025-01-14 10:40:06 process_candles triggered:['GBPJPY']
2025-01-14 10:41:10 process_candles triggered:['GBPJPY']
2025-01-14 10:42:03 process_candles triggered:['GBPJPY']
2025-01-14 10:43:07 process_candles triggered:['GBPJPY']
2025-01-14 10:43:08 Place Trade: TradeDecision(): GBPJPY dir:1 gain:0.1817 sl:192.0119 tp:192.3147
2025-01-14 10:44:01 process_candles triggered:['GBPJPY']
2025-01-14 10:45:05 process_candles triggered:['GBPJPY']
2025-01-14 10:46:09 process_candles triggered:['GBPJPY']
2025-01-14 10:47:02 process_candles triggered:['GBPJPY']
2025-01-14 10:48:06 process_candles triggered:['GBPJPY']
2025-01-14 10:49:10 process_candles triggered:['GBPJPY']
2025-01-14 10:50:03 process_candles triggered:['GBPJPY']
2025-01-14 10:51:07 process_candles triggered:['GBPJPY']
2025-01-14 10:52:10 process_candles triggered:['GBPJPY']
2025-01-14 10:53:03 process_candles triggered:['GBPJPY']
2025-01-14 10:54:07 process_candles triggered:['GBPJPY']
2025-01-14 10:55:00 process_candles triggered:['GBPJPY']
2025-01-14 10:56:04 process_candles triggered:['GBPJPY']
2025-01-14 10:57:08 process_candles triggered:['GBPJPY']
2025-01-14 10:58:01 process_candles triggered:['GBPJPY']
2025-01-14 10:59:05 process_candles triggered:['GBPJPY']
2025-01-14 11:00:08 process_candles triggered:['GBPJPY']
2025-01-14 11:00:09 Place Trade: TradeDecision(): GBPJPY dir:-1 gain:0.1727 sl:192.5061 tp:192.2183
2025-01-14 11:01:03 process_candles triggered:['GBPJPY']
2025-01-14 11:02:07 process_candles triggered:['GBPJPY']
2025-01-14 11:03:10 process_candles triggered:['GBPJPY']
2025-01-14 11:04:03 process_candles triggered:['GBPJPY']
2025-01-14 11:05:07 process_candles triggered:['GBPJPY']
2025-01-14 11:06:11 process_candles triggered:['GBPJPY']
2025-01-14 11:07:04 process_candles triggered:['GBPJPY']
2025-01-14 11:08:08 process_candles triggered:['GBPJPY']
2025-01-14 11:09:01 process_candles triggered:['GBPJPY']
2025-01-14 11:10:05 process_candles triggered:['GBPJPY']
2025-01-14 11:11:15 process_candles triggered:['GBPJPY']
2025-01-14 11:12:09 process_candles triggered:['GBPJPY']
2025-01-14 11:13:02 process_candles triggered:['GBPJPY']
2025-01-14 11:14:06 process_candles triggered:['GBPJPY']
2025-01-14 11:15:11 process_candles triggered:['GBPJPY']
2025-01-14 11:16:05 process_candles triggered:['GBPJPY']
2025-01-14 11:17:09 process_candles triggered:['GBPJPY']
2025-01-14 11:18:03 process_candles triggered:['GBPJPY']
2025-01-14 11:18:03 Place Trade: TradeDecision(): GBPJPY dir:1 gain:0.0626 sl:192.2443 tp:192.3486
2025-01-14 11:19:07 process_candles triggered:['GBPJPY']
2025-01-14 11:20:11 process_candles triggered:['GBPJPY']
2025-01-14 11:21:05 process_candles triggered:['GBPJPY']
2025-01-14 11:22:09 process_candles triggered:['GBPJPY']
2025-01-14 11:23:03 process_candles triggered:['GBPJPY']
2025-01-14 11:23:04 Place Trade: TradeDecision(): GBPJPY dir:1 gain:0.0844 sl:192.1732 tp:192.3139
2025-01-14 11:24:09 process_candles triggered:['GBPJPY']
2025-01-14 11:25:02 process_candles triggered:['GBPJPY']
2025-01-14 11:26:07 process_candles triggered:['GBPJPY']
2025-01-14 11:27:11 process_candles triggered:['GBPJPY']
2025-01-14 11:28:04 process_candles triggered:['GBPJPY']
2025-01-14 11:29:08 process_candles triggered:['GBPJPY']
2025-01-14 11:30:02 process_candles triggered:['GBPJPY']
2025-01-14 11:31:05 process_candles triggered:['GBPJPY']
2025-01-14 11:32:09 process_candles triggered:['GBPJPY']
2025-01-14 11:33:03 process_candles triggered:['GBPJPY']
2025-01-14 11:34:06 process_candles triggered:['GBPJPY']
2025-01-14 11:34:07 Place Trade: TradeDecision(): GBPJPY dir:-1 gain:0.1157 sl:192.4791 tp:192.2863
2025-01-14 11:35:01 process_candles triggered:['GBPJPY']
2025-01-14 11:36:06 process_candles triggered:['GBPJPY']
2025-01-14 11:37:11 process_candles triggered:['GBPJPY']
2025-01-14 11:38:05 process_candles triggered:['GBPJPY']
2025-01-14 11:39:09 process_candles triggered:['GBPJPY']
2025-01-14 11:40:03 process_candles triggered:['GBPJPY']
2025-01-14 11:41:08 process_candles triggered:['GBPJPY']
2025-01-14 11:42:02 process_candles triggered:['GBPJPY']
2025-01-14 11:43:07 process_candles triggered:['GBPJPY']
2025-01-14 11:44:00 process_candles triggered:['GBPJPY']
2025-01-14 11:45:05 process_candles triggered:['GBPJPY']
2025-01-14 11:46:10 process_candles triggered:['GBPJPY']
2025-01-14 11:47:04 process_candles triggered:['GBPJPY']
2025-01-14 11:48:09 process_candles triggered:['GBPJPY']
2025-01-14 11:49:03 process_candles triggered:['GBPJPY']
2025-01-14 11:50:08 process_candles triggered:['GBPJPY']
2025-01-14 11:51:01 process_candles triggered:['GBPJPY']
2025-01-14 11:52:06 process_candles triggered:['GBPJPY']
2025-01-14 11:53:11 process_candles triggered:['GBPJPY']
2025-01-14 11:54:05 process_candles triggered:['GBPJPY']
2025-01-14 11:55:10 process_candles triggered:['GBPJPY']
2025-01-14 11:56:04 process_candles triggered:['GBPJPY']
2025-01-14 11:57:10 process_candles triggered:['GBPJPY']
2025-01-14 11:58:04 process_candles triggered:['GBPJPY']
2025-01-14 11:59:09 process_candles triggered:['GBPJPY']
2025-01-14 12:00:03 process_candles triggered:['GBPJPY']
2025-01-14 12:01:07 process_candles triggered:['GBPJPY']
2025-01-14 12:02:01 process_candles triggered:['GBPJPY']
2025-01-14 12:02:02 Place Trade: TradeDecision(): GBPJPY dir:1 gain:0.0636 sl:192.3451 tp:192.4511
2025-01-14 12:03:07 process_candles triggered:['GBPJPY']
2025-01-14 12:03:07 Place Trade: TradeDecision(): GBPJPY dir:1 gain:0.0738 sl:192.3193 tp:192.4423
2025-01-14 12:04:02 process_candles triggered:['GBPJPY']
2025-01-14 12:05:06 process_candles triggered:['GBPJPY']
2025-01-14 12:06:00 process_candles triggered:['GBPJPY']
2025-01-14 12:07:05 process_candles triggered:['GBPJPY']
2025-01-14 12:08:09 process_candles triggered:['GBPJPY']
2025-01-14 12:09:03 process_candles triggered:['GBPJPY']
2025-01-14 12:10:08 process_candles triggered:['GBPJPY']
2025-01-14 12:11:02 process_candles triggered:['GBPJPY']
2025-01-14 12:12:06 process_candles triggered:['GBPJPY']
2025-01-14 12:13:10 process_candles triggered:['GBPJPY']
2025-01-14 12:14:03 process_candles triggered:['GBPJPY']
2025-01-14 12:15:07 process_candles triggered:['GBPJPY']
2025-01-14 12:16:01 process_candles triggered:['GBPJPY']
2025-01-14 12:17:05 process_candles triggered:['GBPJPY']
2025-01-14 12:18:09 process_candles triggered:['GBPJPY']
2025-01-14 12:19:02 process_candles triggered:['GBPJPY']
2025-01-14 12:20:06 process_candles triggered:['GBPJPY']
2025-01-14 12:21:10 process_candles triggered:['GBPJPY']
2025-01-14 12:22:03 process_candles triggered:['GBPJPY']
2025-01-14 12:23:07 process_candles triggered:['GBPJPY']
2025-01-14 12:24:01 process_candles triggered:['GBPJPY']
2025-01-14 12:25:04 process_candles triggered:['GBPJPY']
2025-01-14 12:26:08 process_candles triggered:['GBPJPY']
2025-01-14 12:27:02 process_candles triggered:['GBPJPY']
2025-01-14 12:27:02 Place Trade: TradeDecision(): GBPJPY dir:1 gain:0.0617 sl:192.2933 tp:192.3962
2025-01-14 12:28:07 process_candles triggered:['GBPJPY']
2025-01-14 12:28:07 Place Trade: TradeDecision(): GBPJPY dir:1 gain:0.0710 sl:192.2717 tp:192.3900
2025-01-14 12:29:01 process_candles triggered:['GBPJPY']
2025-01-14 12:30:05 process_candles triggered:['GBPJPY']
2025-01-14 12:31:09 process_candles triggered:['GBPJPY']
2025-01-14 12:32:03 process_candles triggered:['GBPJPY']
2025-01-14 12:33:07 process_candles triggered:['GBPJPY']
2025-01-14 12:34:10 process_candles triggered:['GBPJPY']
2025-01-14 12:35:04 process_candles triggered:['GBPJPY']
2025-01-14 12:36:08 process_candles triggered:['GBPJPY']
2025-01-14 12:37:02 process_candles triggered:['GBPJPY']
2025-01-14 12:38:05 process_candles triggered:['GBPJPY']
2025-01-14 12:39:10 process_candles triggered:['GBPJPY']
2025-01-14 12:40:03 process_candles triggered:['GBPJPY']
2025-01-14 12:41:07 process_candles triggered:['GBPJPY']
2025-01-14 12:42:00 process_candles triggered:['GBPJPY']
2025-01-14 12:43:04 process_candles triggered:['GBPJPY']
2025-01-14 12:44:09 process_candles triggered:['GBPJPY']
2025-01-14 12:45:02 process_candles triggered:['GBPJPY']
2025-01-14 12:46:06 process_candles triggered:['GBPJPY']
2025-01-14 12:47:12 process_candles triggered:['GBPJPY']
2025-01-14 12:48:04 process_candles triggered:['GBPJPY']
2025-01-14 12:49:02 process_candles triggered:['GBPJPY']
2025-01-14 12:50:10 process_candles triggered:['GBPJPY']
2025-01-14 12:51:07 process_candles triggered:['GBPJPY']
2025-01-14 12:52:11 process_candles triggered:['GBPJPY']
2025-01-14 12:53:05 process_candles triggered:['GBPJPY']
2025-01-14 12:54:09 process_candles triggered:['GBPJPY']
2025-01-14 12:55:03 process_candles triggered:['GBPJPY']
2025-01-14 12:56:07 process_candles triggered:['GBPJPY']
2025-01-14 12:57:00 process_candles triggered:['GBPJPY']
2025-01-14 12:58:07 process_candles triggered:['GBPJPY']
2025-01-14 12:59:01 process_candles triggered:['GBPJPY']
2025-01-14 13:00:06 process_candles triggered:['GBPJPY']
2025-01-14 13:01:02 process_candles triggered:['GBPJPY']
2025-01-14 13:01:02 Place Trade: TradeDecision(): GBPJPY dir:-1 gain:0.0791 sl:192.3893 tp:192.2574
2025-01-14 13:02:08 process_candles triggered:['GBPJPY']
2025-01-14 13:03:05 process_candles triggered:['GBPJPY']
2025-01-14 13:04:03 process_candles triggered:['GBPJPY']
2025-01-14 13:05:03 process_candles triggered:['GBPJPY']
2025-01-14 13:06:10 process_candles triggered:['GBPJPY']
2025-01-14 13:07:06 process_candles triggered:['GBPJPY']
2025-01-14 13:07:07 Place Trade: TradeDecision(): GBPJPY dir:-1 gain:0.0648 sl:192.4097 tp:192.3017
2025-01-14 13:08:01 process_candles triggered:['GBPJPY']
2025-01-14 13:09:07 process_candles triggered:['GBPJPY']
2025-01-14 13:09:08 Place Trade: TradeDecision(): GBPJPY dir:-1 gain:0.0792 sl:192.4488 tp:192.3168
2025-01-14 13:10:03 process_candles triggered:['GBPJPY']
2025-01-14 13:11:07 process_candles triggered:['GBPJPY']
2025-01-14 13:12:01 process_candles triggered:['GBPJPY']
2025-01-14 13:13:05 process_candles triggered:['GBPJPY']
2025-01-14 13:14:08 process_candles triggered:['GBPJPY']
2025-01-14 13:15:02 process_candles triggered:['GBPJPY']
2025-01-14 13:16:07 process_candles triggered:['GBPJPY']
2025-01-14 13:17:01 process_candles triggered:['GBPJPY']
2025-01-14 13:18:05 process_candles triggered:['GBPJPY']
2025-01-14 13:19:08 process_candles triggered:['GBPJPY']
2025-01-14 13:20:02 process_candles triggered:['GBPJPY']
2025-01-14 13:21:06 process_candles triggered:['GBPJPY']
2025-01-14 13:22:10 process_candles triggered:['GBPJPY']
2025-01-14 13:23:03 process_candles triggered:['GBPJPY']
2025-01-14 13:24:07 process_candles triggered:['GBPJPY']
2025-01-14 13:25:00 process_candles triggered:['GBPJPY']
2025-01-14 13:25:01 Place Trade: TradeDecision(): GBPJPY dir:1 gain:0.0935 sl:192.2036 tp:192.3595
2025-01-14 13:26:05 process_candles triggered:['GBPJPY']
2025-01-14 13:26:06 Place Trade: TradeDecision(): GBPJPY dir:1 gain:0.1564 sl:192.0917 tp:192.3524
2025-01-14 13:27:03 process_candles triggered:['GBPJPY']
2025-01-14 13:28:07 process_candles triggered:['GBPJPY']
2025-01-14 13:29:11 process_candles triggered:['GBPJPY']
2025-01-14 13:30:04 process_candles triggered:['GBPJPY']
2025-01-14 13:31:08 process_candles triggered:['GBPJPY']
2025-01-14 13:32:01 process_candles triggered:['GBPJPY']
2025-01-14 13:33:05 process_candles triggered:['GBPJPY']
2025-01-14 13:34:09 process_candles triggered:['GBPJPY']
2025-01-14 13:35:02 process_candles triggered:['GBPJPY']
2025-01-14 13:36:06 process_candles triggered:['GBPJPY']
2025-01-14 13:37:10 process_candles triggered:['GBPJPY']
2025-01-14 13:38:04 process_candles triggered:['GBPJPY']
2025-01-14 13:38:04 Place Trade: TradeDecision(): GBPJPY dir:-1 gain:0.1828 sl:192.6349 tp:192.3302
2025-01-14 13:39:09 process_candles triggered:['GBPJPY']
2025-01-14 13:40:02 process_candles triggered:['GBPJPY']
2025-01-14 13:41:06 process_candles triggered:['GBPJPY']
2025-01-14 13:42:10 process_candles triggered:['GBPJPY']
2025-01-14 13:43:03 process_candles triggered:['GBPJPY']
2025-01-14 13:44:07 process_candles triggered:['GBPJPY']
2025-01-14 13:45:01 process_candles triggered:['GBPJPY']
2025-01-14 13:46:04 process_candles triggered:['GBPJPY']
2025-01-14 13:46:05 Place Trade: TradeDecision(): GBPJPY dir:-1 gain:0.2569 sl:192.9028 tp:192.4746
2025-01-14 13:47:09 process_candles triggered:['GBPJPY']
2025-01-14 13:48:03 process_candles triggered:['GBPJPY']
2025-01-14 13:49:07 process_candles triggered:['GBPJPY']
2025-01-14 13:50:01 process_candles triggered:['GBPJPY']
2025-01-14 13:51:04 process_candles triggered:['GBPJPY']
2025-01-14 13:52:08 process_candles triggered:['GBPJPY']
2025-01-14 13:53:02 process_candles triggered:['GBPJPY']
2025-01-14 13:54:06 process_candles triggered:['GBPJPY']
2025-01-14 13:55:10 process_candles triggered:['GBPJPY']
2025-01-14 13:56:03 process_candles triggered:['GBPJPY']
2025-01-14 13:57:07 process_candles triggered:['GBPJPY']
2025-01-14 13:58:01 process_candles triggered:['GBPJPY']
2025-01-14 13:59:04 process_candles triggered:['GBPJPY']
2025-01-14 14:00:08 process_candles triggered:['GBPJPY']
2025-01-14 14:01:02 process_candles triggered:['GBPJPY']
2025-01-14 14:02:06 process_candles triggered:['GBPJPY']
2025-01-14 14:03:10 process_candles triggered:['GBPJPY']
2025-01-14 14:04:03 process_candles triggered:['GBPJPY']
2025-01-14 14:05:07 process_candles triggered:['GBPJPY']
2025-01-14 14:06:00 process_candles triggered:['GBPJPY']
2025-01-14 14:07:04 process_candles triggered:['GBPJPY']
2025-01-14 14:07:05 Place Trade: TradeDecision(): GBPJPY dir:1 gain:0.0987 sl:192.4802 tp:192.6447
2025-01-14 14:08:09 process_candles triggered:['GBPJPY']
2025-01-14 14:08:09 Place Trade: TradeDecision(): GBPJPY dir:1 gain:0.1268 sl:192.4140 tp:192.6253
2025-01-14 14:09:02 process_candles triggered:['GBPJPY']
2025-01-14 14:10:06 process_candles triggered:['GBPJPY']
2025-01-14 14:11:10 process_candles triggered:['GBPJPY']
2025-01-14 14:12:03 process_candles triggered:['GBPJPY']
2025-01-14 14:13:07 process_candles triggered:['GBPJPY']
2025-01-14 14:14:01 process_candles triggered:['GBPJPY']
2025-01-14 14:15:05 process_candles triggered:['GBPJPY']
2025-01-14 14:16:09 process_candles triggered:['GBPJPY']
2025-01-14 14:17:02 process_candles triggered:['GBPJPY']
2025-01-14 14:18:07 process_candles triggered:['GBPJPY']
2025-01-14 14:19:10 process_candles triggered:['GBPJPY']
2025-01-14 14:20:04 process_candles triggered:['GBPJPY']
2025-01-14 14:21:08 process_candles triggered:['GBPJPY']
2025-01-14 14:22:01 process_candles triggered:['GBPJPY']
2025-01-14 14:23:05 process_candles triggered:['GBPJPY']
2025-01-14 14:24:09 process_candles triggered:['GBPJPY']
2025-01-14 14:25:03 process_candles triggered:['GBPJPY']
2025-01-14 14:25:03 Place Trade: TradeDecision(): GBPJPY dir:-1 gain:0.0691 sl:192.6691 tp:192.5539
2025-01-14 14:26:08 process_candles triggered:['GBPJPY']
2025-01-14 14:26:08 Place Trade: TradeDecision(): GBPJPY dir:-1 gain:0.0928 sl:192.7219 tp:192.5672
2025-01-14 14:27:02 process_candles triggered:['GBPJPY']
2025-01-14 14:28:06 process_candles triggered:['GBPJPY']
2025-01-14 14:29:10 process_candles triggered:['GBPJPY']
2025-01-14 14:30:04 process_candles triggered:['GBPJPY']
2025-01-14 14:31:08 process_candles triggered:['GBPJPY']
2025-01-14 14:32:01 process_candles triggered:['GBPJPY']
2025-01-14 14:33:05 process_candles triggered:['GBPJPY']
2025-01-14 14:34:09 process_candles triggered:['GBPJPY']
2025-01-14 14:35:03 process_candles triggered:['GBPJPY']
2025-01-14 14:36:07 process_candles triggered:['GBPJPY']
2025-01-14 14:37:00 process_candles triggered:['GBPJPY']
2025-01-14 14:38:04 process_candles triggered:['GBPJPY']
2025-01-14 14:39:09 process_candles triggered:['GBPJPY']
2025-01-14 14:40:02 process_candles triggered:['GBPJPY']
2025-01-14 14:41:06 process_candles triggered:['GBPJPY']
2025-01-14 14:42:11 process_candles triggered:['GBPJPY']
2025-01-14 14:43:04 process_candles triggered:['GBPJPY']
2025-01-14 14:43:05 Place Trade: TradeDecision(): GBPJPY dir:1 gain:0.0611 sl:192.4193 tp:192.5211
2025-01-14 14:44:09 process_candles triggered:['GBPJPY']
2025-01-14 14:45:02 process_candles triggered:['GBPJPY']
2025-01-14 14:45:03 Place Trade: TradeDecision(): GBPJPY dir:-1 gain:0.0873 sl:192.6662 tp:192.5207
2025-01-14 14:46:08 process_candles triggered:['GBPJPY']
2025-01-14 14:46:08 Place Trade: TradeDecision(): GBPJPY dir:-1 gain:0.1452 sl:192.7718 tp:192.5298
2025-01-14 14:47:02 process_candles triggered:['GBPJPY']
2025-01-14 14:47:03 Place Trade: TradeDecision(): GBPJPY dir:-1 gain:0.2179 sl:192.9102 tp:192.5471
2025-01-14 14:48:07 process_candles triggered:['GBPJPY']
2025-01-14 14:49:01 process_candles triggered:['GBPJPY']
2025-01-14 14:50:04 process_candles triggered:['GBPJPY']
2025-01-14 14:51:08 process_candles triggered:['GBPJPY']
2025-01-14 14:52:02 process_candles triggered:['GBPJPY']
2025-01-14 14:53:06 process_candles triggered:['GBPJPY']
2025-01-14 14:54:10 process_candles triggered:['GBPJPY']
2025-01-14 14:55:03 process_candles triggered:['GBPJPY']
2025-01-14 14:56:07 process_candles triggered:['GBPJPY']
2025-01-14 14:57:00 process_candles triggered:['GBPJPY']
2025-01-14 14:58:04 process_candles triggered:['GBPJPY']
2025-01-14 14:59:08 process_candles triggered:['GBPJPY']
2025-01-14 15:00:02 process_candles triggered:['GBPJPY']
2025-01-14 15:01:06 process_candles triggered:['GBPJPY']
2025-01-14 15:02:10 process_candles triggered:['GBPJPY']
2025-01-14 15:03:03 process_candles triggered:['GBPJPY']
2025-01-14 15:04:08 process_candles triggered:['GBPJPY']
2025-01-14 15:05:01 process_candles triggered:['GBPJPY']
2025-01-14 15:06:05 process_candles triggered:['GBPJPY']
2025-01-14 15:07:09 process_candles triggered:['GBPJPY']
2025-01-14 15:08:03 process_candles triggered:['GBPJPY']
2025-01-14 15:09:07 process_candles triggered:['GBPJPY']
2025-01-14 15:10:01 process_candles triggered:['GBPJPY']
2025-01-14 15:11:05 process_candles triggered:['GBPJPY']
2025-01-14 15:12:09 process_candles triggered:['GBPJPY']
2025-01-14 15:13:02 process_candles triggered:['GBPJPY']
2025-01-14 15:14:07 process_candles triggered:['GBPJPY']
2025-01-14 15:15:11 process_candles triggered:['GBPJPY']
2025-01-14 15:16:04 process_candles triggered:['GBPJPY']
2025-01-14 15:17:08 process_candles triggered:['GBPJPY']
2025-01-14 15:18:02 process_candles triggered:['GBPJPY']
2025-01-14 15:19:06 process_candles triggered:['GBPJPY']
2025-01-14 15:20:10 process_candles triggered:['GBPJPY']
2025-01-14 15:21:04 process_candles triggered:['GBPJPY']
2025-01-14 15:22:08 process_candles triggered:['GBPJPY']
2025-01-14 15:22:09 Place Trade: TradeDecision(): GBPJPY dir:1 gain:0.0793 sl:192.3931 tp:192.5253
2025-01-14 15:23:03 process_candles triggered:['GBPJPY']
2025-01-14 15:24:08 process_candles triggered:['GBPJPY']
2025-01-14 15:24:08 Place Trade: TradeDecision(): GBPJPY dir:1 gain:0.1219 sl:192.3128 tp:192.5159
2025-01-14 15:25:02 process_candles triggered:['GBPJPY']
2025-01-14 15:25:03 Place Trade: TradeDecision(): GBPJPY dir:1 gain:0.1259 sl:192.2976 tp:192.5074
2025-01-14 15:26:07 process_candles triggered:['GBPJPY']
2025-01-14 15:27:11 process_candles triggered:['GBPJPY']
2025-01-14 15:28:04 process_candles triggered:['GBPJPY']
2025-01-14 15:29:08 process_candles triggered:['GBPJPY']
2025-01-14 15:30:02 process_candles triggered:['GBPJPY']
2025-01-14 15:31:06 process_candles triggered:['GBPJPY']
2025-01-14 15:32:10 process_candles triggered:['GBPJPY']
2025-01-14 15:33:04 process_candles triggered:['GBPJPY']
2025-01-14 15:34:08 process_candles triggered:['GBPJPY']
2025-01-14 15:35:02 process_candles triggered:['GBPJPY']
2025-01-14 15:36:06 process_candles triggered:['GBPJPY']
2025-01-14 15:37:10 process_candles triggered:['GBPJPY']
2025-01-14 15:38:04 process_candles triggered:['GBPJPY']
2025-01-14 15:39:08 process_candles triggered:['GBPJPY']
2025-01-14 15:39:08 Place Trade: TradeDecision(): GBPJPY dir:-1 gain:0.0701 sl:192.4603 tp:192.3434
2025-01-14 15:40:03 process_candles triggered:['GBPJPY']
2025-01-14 15:40:03 Place Trade: TradeDecision(): GBPJPY dir:-1 gain:0.0708 sl:192.4657 tp:192.3477
2025-01-14 15:41:07 process_candles triggered:['GBPJPY']
2025-01-14 15:42:11 process_candles triggered:['GBPJPY']
2025-01-14 15:43:05 process_candles triggered:['GBPJPY']
2025-01-14 15:44:09 process_candles triggered:['GBPJPY']
2025-01-14 15:45:03 process_candles triggered:['GBPJPY']
2025-01-14 15:45:04 Place Trade: TradeDecision(): GBPJPY dir:1 gain:0.0797 sl:192.2209 tp:192.3537
2025-01-14 15:46:09 process_candles triggered:['GBPJPY']
2025-01-14 15:47:02 process_candles triggered:['GBPJPY']
2025-01-14 15:48:06 process_candles triggered:['GBPJPY']
